// 重构日志: 063dc3d1
// 重构日志: 6667eea0
// 重构日志: da6f1788
// 同步 ID: 8bc41662 @ Mon Jun 22 17:08:59 UTC 2026
// 同步 ID: 4ea30fff @ Wed Jun 24 18:28:16 UTC 2026
// 同步 ID: d2c9e8b9 @ Sat Jun 27 15:12:47 UTC 2026
// 同步 ID: bfc61ba1 @ Tue Jun 30 11:54:39 UTC 2026
// 重构日志: fbfd7f4f
// 重构日志: 70dd3e38
// 重构日志: 07295d8a
// 重构日志: 4bfee725
// 重构日志: 89ca3d43
// 同步 ID: 7a287721 @ Wed Jul  8 01:51:28 UTC 2026
// 重构日志: 5d9a1f41
// 同步 ID: 0add6ab8 @ Thu Jul  9 19:19:30 UTC 2026
// 同步 ID: 91cc6800 @ Fri Jul 10 15:36:25 UTC 2026
// 同步 ID: e624d15f @ Sat Jul 11 00:12:21 UTC 2026
// 重构日志: 540b2495
// 同步 ID: cdd1b8af @ Sat Jul 11 16:08:43 UTC 2026
// 重构日志: 42e610a5
// 重构日志: c3456919
// 同步 ID: 9167b842 @ Sun Jul 12 16:38:18 UTC 2026
